<?xml version="1.0" encoding="UTF-8"?>
<testng-results skipped="0" failed="1" ignored="0" total="1" passed="0">
  <reporter-output>
  </reporter-output>
  <suite name="Default suite" duration-ms="91" started-at="2021-10-27T17:36:06Z" finished-at="2021-10-27T17:36:06Z">
    <groups>
    </groups>
    <test name="Default test" duration-ms="91" started-at="2021-10-27T17:36:06Z" finished-at="2021-10-27T17:36:06Z">
      <class name="com.TestNg.TestCases.testNgTestCases">
        <test-method status="PASS" signature="beforeSuite()[pri:0, instance:com.TestNg.TestCases.testNgTestCases@1a968a59]" name="beforeSuite" is-config="true" duration-ms="14" started-at="2021-10-27T17:36:06Z" finished-at="2021-10-27T17:36:06Z">
          <reporter-output>
          </reporter-output>
        </test-method> <!-- beforeSuite -->
        <test-method status="PASS" signature="beforeTest()[pri:0, instance:com.TestNg.TestCases.testNgTestCases@1a968a59]" name="beforeTest" is-config="true" duration-ms="2" started-at="2021-10-27T17:36:06Z" finished-at="2021-10-27T17:36:06Z">
          <reporter-output>
          </reporter-output>
        </test-method> <!-- beforeTest -->
        <test-method status="PASS" signature="beforeClass()[pri:0, instance:com.TestNg.TestCases.testNgTestCases@1a968a59]" name="beforeClass" is-config="true" duration-ms="1" started-at="2021-10-27T17:36:06Z" finished-at="2021-10-27T17:36:06Z">
          <reporter-output>
          </reporter-output>
        </test-method> <!-- beforeClass -->
        <test-method status="PASS" signature="beforeMethod()[pri:0, instance:com.TestNg.TestCases.testNgTestCases@1a968a59]" name="beforeMethod" is-config="true" duration-ms="1" started-at="2021-10-27T17:36:06Z" finished-at="2021-10-27T17:36:06Z">
          <reporter-output>
          </reporter-output>
        </test-method> <!-- beforeMethod -->
        <test-method status="FAIL" signature="validtaeGMO_OnlineLaunchedSuccessfully()[pri:0, instance:com.TestNg.TestCases.testNgTestCases@1a968a59]" name="validtaeGMO_OnlineLaunchedSuccessfully" duration-ms="26" started-at="2021-10-27T17:36:06Z" finished-at="2021-10-27T17:36:06Z">
          <exception class="java.lang.NullPointerException">
            <full-stacktrace>
              <![CDATA[java.lang.NullPointerException
at com.TestNg.TestCases.testNgTestCases.validtaeGMO_OnlineLaunchedSuccessfully(testNgTestCases.java:28)
at sun.reflect.NativeMethodAccessorImpl.invoke0(Native Method)
at sun.reflect.NativeMethodAccessorImpl.invoke(NativeMethodAccessorImpl.java:62)
at sun.reflect.DelegatingMethodAccessorImpl.invoke(DelegatingMethodAccessorImpl.java:43)
at java.lang.reflect.Method.invoke(Method.java:498)
at org.testng.internal.MethodInvocationHelper.invokeMethod(MethodInvocationHelper.java:124)
at org.testng.internal.Invoker.invokeMethod(Invoker.java:580)
at org.testng.internal.Invoker.invokeTestMethod(Invoker.java:716)
at org.testng.internal.Invoker.invokeTestMethods(Invoker.java:988)
at org.testng.internal.TestMethodWorker.invokeTestMethods(TestMethodWorker.java:125)
at org.testng.internal.TestMethodWorker.run(TestMethodWorker.java:109)
at org.testng.TestRunner.privateRun(TestRunner.java:648)
at org.testng.TestRunner.run(TestRunner.java:505)
at org.testng.SuiteRunner.runTest(SuiteRunner.java:455)
at org.testng.SuiteRunner.runSequentially(SuiteRunner.java:450)
at org.testng.SuiteRunner.privateRun(SuiteRunner.java:415)
at org.testng.SuiteRunner.run(SuiteRunner.java:364)
at org.testng.SuiteRunnerWorker.runSuite(SuiteRunnerWorker.java:52)
at org.testng.SuiteRunnerWorker.run(SuiteRunnerWorker.java:84)
at org.testng.TestNG.runSuitesSequentially(TestNG.java:1208)
at org.testng.TestNG.runSuitesLocally(TestNG.java:1137)
at org.testng.TestNG.runSuites(TestNG.java:1049)
at org.testng.TestNG.run(TestNG.java:1017)
at org.testng.remote.AbstractRemoteTestNG.run(AbstractRemoteTestNG.java:114)
at org.testng.remote.RemoteTestNG.initAndRun(RemoteTestNG.java:251)
at org.testng.remote.RemoteTestNG.main(RemoteTestNG.java:77)
]]>
            </full-stacktrace>
          </exception> <!-- java.lang.NullPointerException -->
          <reporter-output>
          </reporter-output>
        </test-method> <!-- validtaeGMO_OnlineLaunchedSuccessfully -->
        <test-method status="PASS" signature="afterMethod()[pri:0, instance:com.TestNg.TestCases.testNgTestCases@1a968a59]" name="afterMethod" is-config="true" duration-ms="2" started-at="2021-10-27T17:36:06Z" finished-at="2021-10-27T17:36:06Z">
          <reporter-output>
          </reporter-output>
        </test-method> <!-- afterMethod -->
        <test-method status="PASS" signature="afterClass()[pri:0, instance:com.TestNg.TestCases.testNgTestCases@1a968a59]" name="afterClass" is-config="true" duration-ms="2" started-at="2021-10-27T17:36:06Z" finished-at="2021-10-27T17:36:06Z">
          <reporter-output>
          </reporter-output>
        </test-method> <!-- afterClass -->
        <test-method status="PASS" signature="afterTest()[pri:0, instance:com.TestNg.TestCases.testNgTestCases@1a968a59]" name="afterTest" is-config="true" duration-ms="0" started-at="2021-10-27T17:36:06Z" finished-at="2021-10-27T17:36:06Z">
          <reporter-output>
          </reporter-output>
        </test-method> <!-- afterTest -->
        <test-method status="PASS" signature="afterSuite()[pri:0, instance:com.TestNg.TestCases.testNgTestCases@1a968a59]" name="afterSuite" is-config="true" duration-ms="0" started-at="2021-10-27T17:36:06Z" finished-at="2021-10-27T17:36:06Z">
          <reporter-output>
          </reporter-output>
        </test-method> <!-- afterSuite -->
      </class> <!-- com.TestNg.TestCases.testNgTestCases -->
    </test> <!-- Default test -->
  </suite> <!-- Default suite -->
</testng-results>
